This is pdfTeX, Version 3.141592653-2.6-1.40.28 (MiKTeX 25.12) (preloaded format=pdflatex 2026.2.17)  22 FEB 2026 14:26
entering extended mode
 restricted \write18 enabled.
 %&-line parsing enabled.
**./Latex.tex
(Latex.tex
LaTeX2e <2025-11-01>
L3 programming layer <2025-12-24>
(C:\Users\WillR3n\AppData\Local\Programs\MiKTeX\tex/latex/base\article.cls
Document Class: article 2025/01/22 v1.4n Standard LaTeX document class
(C:\Users\WillR3n\AppData\Local\Programs\MiKTeX\tex/latex/base\size12.clo
File: size12.clo 2025/01/22 v1.4n Standard LaTeX file (size option)
)
\c@part=\count275
\c@section=\count276
\c@subsection=\count277
\c@subsubsection=\count278
\c@paragraph=\count279
\c@subparagraph=\count280
\c@figure=\count281
\c@table=\count282
\abovecaptionskip=\skip49
\belowcaptionskip=\skip50
\bibindent=\dimen148
)
(C:\Users\WillR3n\AppData\Local\Programs\MiKTeX\tex/latex/base\inputenc.sty
Package: inputenc 2024/02/08 v1.3d Input encoding file
\inpenc@prehook=\toks17
\inpenc@posthook=\toks18
)
(C:\Users\WillR3n\AppData\Local\Programs\MiKTeX\tex/latex/base\fontenc.sty
Package: fontenc 2025/07/18 v2.1d Standard LaTeX package
)
(C:\Users\WillR3n\AppData\Local\Programs\MiKTeX\tex/generic/babel\babel.sty
Package: babel 2025/12/11 v25.17 The multilingual framework for LuaLaTeX, pdfLa
TeX and XeLaTeX
\babel@savecnt=\count283
LaTeX Encoding Info:    Redeclaring text command \ij (encoding OT1) on input li
ne 2068.
LaTeX Encoding Info:    Redeclaring text command \IJ (encoding OT1) on input li
ne 2070.
LaTeX Encoding Info:    Redeclaring text command \ij (encoding T1) on input lin
e 2072.
LaTeX Encoding Info:    Redeclaring text command \IJ (encoding T1) on input lin
e 2073.
LaTeX Encoding Info:    Ignoring declaration for text command \ij (encoding ?) 
on input line 2074.
LaTeX Encoding Info:    Ignoring declaration for text command \IJ (encoding ?) 
on input line 2076.
LaTeX Encoding Info:    Ignoring declaration for text command \SS (encoding ?) 
on input line 2101.
\U@D=\dimen149
\l@unhyphenated=\language79

(C:\Users\WillR3n\AppData\Local\Programs\MiKTeX\tex/generic/babel\txtbabel.def)
\bbl@readstream=\read2
\bbl@dirlevel=\count284
Package babel Info: Configuration files are deprecated, as
(babel)             they can break document portability.
(babel)             Reported on input line 4196.
*************************************
* Local config file bblopts.cfg used
*
(C:\Users\WillR3n\AppData\Local\Programs\MiKTeX\tex/latex/arabi\bblopts.cfg
File: bblopts.cfg 2005/09/08 v0.1 add Arabic and Farsi to "declared" options of
 babel
)
(C:\Users\WillR3n\AppData\Local\Programs\MiKTeX\tex/generic/babel/locale/fr\bab
el-french.tex)
Package babel Info: Importing font and identification data for french
(babel)             from babel-fr.ini. Reported on input line 4320.

(C:\Users\WillR3n\AppData\Local\Programs\MiKTeX\tex/generic/babel-french\french
.ldf
Language: french 2025-08-15 v4.0e French support from the babel system

(C:\Users\WillR3n\AppData\Local\Programs\MiKTeX\tex/generic/babel-french\french
3.ldf
Language: french 2025-08-15 v3.7e French support from the babel system
\FB@stdchar=\count285
Package babel Info: Making : an active character on input line 273.
Package babel Info: Making ; an active character on input line 274.
Package babel Info: Making ! an active character on input line 275.
Package babel Info: Making ? an active character on input line 276.
\FBguill@level=\count286
\FBold@everypar=\toks19
\FB@Mht=\dimen150
\mc@charclass=\count287
\mc@charfam=\count288
\mc@charslot=\count289
\std@mcc=\count290
\dec@mcc=\count291
\FB@pardim=\dimen151
\listindentFB=\dimen152
\descindentFB=\dimen153
\labelindentFB=\dimen154
\labelwidthFB=\dimen155
\leftmarginFB=\dimen156
\parindentFFN=\dimen157
\FBfnindent=\dimen158
)))
(C:\Users\WillR3n\AppData\Local\Programs\MiKTeX\tex/latex/carlisle\scalefnt.sty
) (C:\Users\WillR3n\AppData\Local\Programs\MiKTeX\tex/latex/xcolor\xcolor.sty
Package: xcolor 2024/09/29 v3.02 LaTeX color extensions (UK)

(C:\Users\WillR3n\AppData\Local\Programs\MiKTeX\tex/latex/graphics-cfg\color.cf
g
File: color.cfg 2016/01/02 v1.6 sample color configuration
)
Package xcolor Info: Driver file: pdftex.def on input line 274.

(C:\Users\WillR3n\AppData\Local\Programs\MiKTeX\tex/latex/graphics-def\pdftex.d
ef
File: pdftex.def 2025/09/29 v1.2d Graphics/color driver for pdftex
)
(C:\Users\WillR3n\AppData\Local\Programs\MiKTeX\tex/latex/graphics\mathcolor.lt
x)
Package xcolor Info: Model `cmy' substituted by `cmy0' on input line 1349.
Package xcolor Info: Model `hsb' substituted by `rgb' on input line 1353.
Package xcolor Info: Model `RGB' extended on input line 1365.
Package xcolor Info: Model `HTML' substituted by `rgb' on input line 1367.
Package xcolor Info: Model `Hsb' substituted by `hsb' on input line 1368.
Package xcolor Info: Model `tHsb' substituted by `hsb' on input line 1369.
Package xcolor Info: Model `HSB' substituted by `hsb' on input line 1370.
Package xcolor Info: Model `Gray' substituted by `gray' on input line 1371.
Package xcolor Info: Model `wave' substituted by `hsb' on input line 1372.
)
(C:\Users\WillR3n\AppData\Local\Programs\MiKTeX\tex/latex/graphics\dvipsnam.def
File: dvipsnam.def 2016/06/17 v3.0m Driver-dependent file (DPC,SPQR)
)
(C:\Users\WillR3n\AppData\Local\Programs\MiKTeX\tex/latex/l3backend\l3backend-p
dftex.def
File: l3backend-pdftex.def 2025-10-09 L3 backend support: PDF output (pdfTeX)
\l__color_backend_stack_int=\count292
) (Latex.aux
Package babel Info: 'french' activates 'french' shorthands.
(babel)             Reported on input line 8.
)
\openout1 = `Latex.aux'.

LaTeX Font Info:    Checking defaults for OML/cmm/m/it on input line 8.
LaTeX Font Info:    ... okay on input line 8.
LaTeX Font Info:    Checking defaults for OMS/cmsy/m/n on input line 8.
LaTeX Font Info:    ... okay on input line 8.
LaTeX Font Info:    Checking defaults for OT1/cmr/m/n on input line 8.
LaTeX Font Info:    ... okay on input line 8.
LaTeX Font Info:    Checking defaults for T1/cmr/m/n on input line 8.
LaTeX Font Info:    ... okay on input line 8.
LaTeX Font Info:    Checking defaults for TS1/cmr/m/n on input line 8.
LaTeX Font Info:    ... okay on input line 8.
LaTeX Font Info:    Checking defaults for OMX/cmex/m/n on input line 8.
LaTeX Font Info:    ... okay on input line 8.
LaTeX Font Info:    Checking defaults for U/cmr/m/n on input line 8.
LaTeX Font Info:    ... okay on input line 8.
LaTeX Info: Redefining \degres on input line 8.

(C:\Users\WillR3n\AppData\Local\Programs\MiKTeX\tex/context/base/mkii\supp-pdf.
mkii
[Loading MPS to PDF converter (version 2006.09.02).]
\scratchcounter=\count293
\scratchdimen=\dimen159
\scratchbox=\box53
\nofMPsegments=\count294
\nofMParguments=\count295
\everyMPshowfont=\toks20
\MPscratchCnt=\count296
\MPscratchDim=\dimen160
\MPnumerator=\count297
\makeMPintoPDFobject=\count298
\everyMPtoPDFconversion=\toks21
)
LaTeX Font Info:    Trying to load font information for T1+pbk on input line 10
.
 (C:\Users\WillR3n\AppData\Local\Programs\MiKTeX\tex/latex/psnfss\t1pbk.fd
File: t1pbk.fd 2001/06/04 font definitions for T1/pbk.
)
LaTeX Font Info:    Font shape `T1/pbk/m/n' in size <12> not available
(Font)              Font shape `T1/pbk/l/n' tried instead on input line 10.
LaTeX Font Info:    Font shape `T1/pbk/m/n' in size <24.88> not available
(Font)              Font shape `T1/pbk/l/n' tried instead on input line 10.
LaTeX Font Info:    Font shape `T1/pbk/m/n' in size <14.4> not available
(Font)              Font shape `T1/pbk/l/n' tried instead on input line 19.

Overfull \hbox (18.13542pt too wide) in paragraph at lines 20--21
\T1/pbk/l/n/14.4 phase sur l'au-to-ma-ti-sa-tion des pro-ces-sus entre les équi
pes
 []


Overfull \hbox (7.31769pt too wide) in paragraph at lines 25--27
\T1/pbk/l/n/14.4 ap-pli-ca-tion, pour tes-ter l'ap-pli-ca-tion il doivent pous-

 []


Overfull \hbox (11.6371pt too wide) in paragraph at lines 25--27
\T1/pbk/l/n/14.4 mal-heu-reu-se-ment le jour-j l'ap-pli-ca-tion marche chez
 []


Overfull \hbox (8.5124pt too wide) in paragraph at lines 27--28
\T1/pbk/l/n/14.4 de "vi-re-ment ins-tan-tané". Les dé-ve-lop-peurs fi-nissent
 []

[1

{C:/Users/WillR3n/AppData/Local/MiKTeX/fonts/map/pdftex/pdftex.map}{C:/Users/Wi
llR3n/AppData/Local/Programs/MiKTeX/fonts/enc/dvips/base/8r.enc}]
Overfull \hbox (0.61093pt too wide) in paragraph at lines 31--33
\T1/pbk/l/n/14.4 aussi en va-leur les re-la-tions hu-maines, per-met-tant ainsi

 []

LaTeX Font Info:    Font shape `T1/pbk/b/n' in size <14.4> not available
(Font)              Font shape `T1/pbk/db/n' tried instead on input line 34.
[2]
Overfull \hbox (4.78307pt too wide) in paragraph at lines 47--48
\T1/pbk/l/n/14.4 tings et vice-versa afin que chaque équipes puissent
 []


Overfull \hbox (10.48553pt too wide) in paragraph at lines 47--48
\T1/pbk/l/n/14.4 in-cluses dans les dif-fé-rents sprints pour qu'ils soient
 []

[3] [4]
Overfull \hbox (36.27583pt too wide) in paragraph at lines 90--91
[]\T1/pbk/db/n/14.4 Tests \T1/pbk/l/n/14.4 : Vé-ri-fi-ca-tion que les fonc-tion
s (ajou-ter/supprimer
 []

[5] [6] [7] (Latex.aux)
 ***********
LaTeX2e <2025-11-01>
L3 programming layer <2025-12-24>
 ***********
 ) 
Here is how much of TeX's memory you used:
 3678 strings out of 467870
 62838 string characters out of 5417387
 480945 words of memory out of 5000000
 32566 multiletter control sequences out of 15000+600000
 637175 words of font info for 53 fonts, out of 8000000 for 9000
 1141 hyphenation exceptions out of 8191
 53i,5n,84p,550b,385s stack positions out of 10000i,1000n,20000p,200000b,200000s
 <C:\Users\WillR3n\AppData\Local\MiKTeX\fonts/pk/ljfour/jknappen/ec/dpi600\ec
rm1200.pk> <C:\Users\WillR3n\AppData\Local\MiKTeX\fonts/pk/ljfour/jknappen/ec/d
pi600\ecbx1440.pk> <C:\Users\WillR3n\AppData\Local\MiKTeX\fonts/pk/ljfour/jknap
pen/ec/dpi600\ecbx1728.pk><C:/Users/WillR3n/AppData/Local/Programs/MiKTeX/fonts
/type1/urw/bookman/ubkd8a.pfb><C:/Users/WillR3n/AppData/Local/Programs/MiKTeX/f
onts/type1/urw/bookman/ubkl8a.pfb>
Output written on Latex.pdf (7 pages, 73911 bytes).
PDF statistics:
 124 PDF objects out of 1000 (max. 8388607)
 0 named destinations out of 1000 (max. 500000)
 1 words of extra memory for PDF output out of 10000 (max. 10000000)

