\BOOKMARK [1][-]{section.1}{\376\377\000I\000n\000t\000r\000o\000d\000u\000c\000t\000i\000o\000n}{}% 1
\BOOKMARK [2][-]{subsection.1.1}{\376\377\000Q\000u\000'\000e\000s\000t\000-\000c\000e\000\040\000q\000u\000e\000\040\000L\000a\000T\000e\000X\000?}{section.1}% 2
\BOOKMARK [2][-]{subsection.1.2}{\376\377\000P\000o\000u\000r\000q\000u\000o\000i\000\040\000u\000t\000i\000l\000i\000s\000e\000r\000\040\000L\000a\000T\000e\000X\000p\000o\000u\000r\000\040\000l\000e\000s\000\040\000d\000o\000c\000u\000m\000e\000n\000t\000s\000\040\000a\000c\000a\000d\000\351\000m\000i\000q\000u\000e\000s\000\040\000?}{section.1}% 3
\BOOKMARK [1][-]{section.2}{\376\377\000S\000t\000r\000u\000c\000t\000u\000r\000e\000\040\000d\000e\000\040\000b\000a\000s\000e\000\040\000d\000'\000u\000n\000\040\000d\000o\000c\000u\000m\000e\000n\000t\000\040\000L\000a\000T\000e\000X}{}% 4
\BOOKMARK [2][-]{subsection.2.1}{\376\377\000\134\000d\000o\000c\000u\000m\000e\000n\000t\000c\000l\000a\000s\000s}{section.2}% 5
\BOOKMARK [2][-]{subsection.2.2}{\376\377\000\134\000u\000s\000e\000p\000a\000c\000k\000a\000g\000e}{section.2}% 6
\BOOKMARK [2][-]{subsection.2.3}{\376\377\000\134\000b\000e\000g\000i\000n\000\173\000d\000o\000c\000u\000m\000e\000n\000t\000\175\000\040\000.\000.\000.\000\040\000\134\000e\000n\000d\000\173\000d\000o\000c\000u\000m\000e\000n\000t\000\175}{section.2}% 7
\BOOKMARK [1][-]{section.3}{\376\377\000O\000r\000g\000a\000n\000i\000s\000a\000t\000i\000o\000n\000\040\000d\000'\000u\000n\000\040\000d\000o\000c\000u\000m\000e\000n\000t}{}% 8
\BOOKMARK [2][-]{subsection.3.1}{\376\377\000\134\000t\000a\000b\000l\000e\000o\000f\000c\000o\000n\000t\000e\000n\000t\000s}{section.3}% 9
\BOOKMARK [2][-]{subsection.3.2}{\376\377\000C\000o\000m\000m\000a\000n\000d\000e\000s\000\040\000d\000e\000\040\000s\000e\000c\000t\000i\000o\000n\000n\000e\000m\000e\000n\000t}{section.3}% 10
\BOOKMARK [1][-]{section.4}{\376\377\000M\000i\000s\000e\000\040\000e\000n\000\040\000f\000o\000r\000m\000e\000\040\000d\000u\000\040\000t\000e\000x\000t\000e}{}% 11
\BOOKMARK [2][-]{subsection.4.1}{\376\377\000C\000o\000m\000m\000a\000n\000d\000e\000s\000\040\000d\000e\000\040\000s\000t\000y\000l\000e}{section.4}% 12
\BOOKMARK [2][-]{subsection.4.2}{\376\377\000T\000a\000i\000l\000l\000e\000s\000\040\000d\000e\000\040\000t\000e\000x\000t\000e}{section.4}% 13
\BOOKMARK [1][-]{section.5}{\376\377\000L\000i\000s\000t\000e\000s}{}% 14
\BOOKMARK [2][-]{subsection.5.1}{\376\377\000L\000i\000s\000t\000e\000\040\000n\000o\000n\000\040\000o\000r\000d\000o\000n\000n\000\351\000e\000\040\000\050\000i\000t\000e\000m\000i\000z\000e\000\051}{section.5}% 15
\BOOKMARK [2][-]{subsection.5.2}{\376\377\000L\000i\000s\000t\000e\000\040\000o\000r\000d\000o\000n\000n\000\351\000e\000\040\000\050\000e\000n\000u\000m\000e\000r\000a\000t\000e\000\051}{section.5}% 16
\BOOKMARK [2][-]{subsection.5.3}{\376\377\000L\000i\000s\000t\000e\000\040\000d\000e\000s\000c\000r\000i\000p\000t\000i\000v\000e\000\040\000\050\000d\000e\000s\000c\000r\000i\000p\000t\000i\000o\000n\000\051}{section.5}% 17
\BOOKMARK [1][-]{section.6}{\376\377\000I\000n\000s\000e\000r\000t\000i\000o\000n\000\040\000d\000'\000i\000m\000a\000g\000e\000s}{}% 18
\BOOKMARK [2][-]{subsection.6.1}{\376\377\000C\000o\000m\000m\000a\000n\000d\000e\000s\000\040\000p\000r\000i\000n\000c\000i\000p\000a\000l\000e\000s}{section.6}% 19
\BOOKMARK [1][-]{section.7}{\376\377\000T\000a\000b\000l\000e\000a\000u\000x}{}% 20
\BOOKMARK [2][-]{subsection.7.1}{\376\377\000C\000o\000m\000m\000a\000n\000d\000e\000s\000\040\000p\000r\000i\000n\000c\000i\000p\000a\000l\000e\000s}{section.7}% 21
\BOOKMARK [1][-]{section.8}{\376\377\000I\000n\000s\000e\000r\000t\000i\000o\000n\000\040\000d\000e\000\040\000c\000o\000d\000e\000\040\000i\000n\000f\000o\000r\000m\000a\000t\000i\000q\000u\000e}{}% 22
\BOOKMARK [2][-]{subsection.8.1}{\376\377\000C\000o\000m\000m\000a\000n\000d\000e\000s\000\040\000p\000r\000i\000n\000c\000i\000p\000a\000l\000e\000s}{section.8}% 23
\BOOKMARK [1][-]{section.9}{\376\377\000R\000\351\000f\000\351\000r\000e\000n\000c\000e\000s\000\040\000e\000t\000\040\000c\000i\000t\000a\000t\000i\000o\000n\000s}{}% 24
\BOOKMARK [2][-]{subsection.9.1}{\376\377\000R\000\351\000f\000\351\000r\000e\000n\000c\000e\000s\000\040\000c\000r\000o\000i\000s\000\351\000e\000s}{section.9}% 25
\BOOKMARK [2][-]{subsection.9.2}{\376\377\000C\000i\000t\000a\000t\000i\000o\000n\000s}{section.9}% 26
\BOOKMARK [1][-]{section.10}{\376\377\000C\000r\000\351\000a\000t\000i\000o\000n\000\040\000d\000'\000u\000n\000\040\000b\000o\000n\000\040\000d\000o\000c\000u\000m\000e\000n\000t\000\040\000a\000c\000a\000d\000\351\000m\000i\000q\000u\000e}{}% 27
\BOOKMARK [2][-]{subsection.10.1}{\376\377\000P\000a\000g\000e\000\040\000d\000e\000\040\000t\000i\000t\000r\000e}{section.10}% 28
\BOOKMARK [2][-]{subsection.10.2}{\376\377\000T\000a\000b\000l\000e\000\040\000d\000e\000s\000\040\000m\000a\000t\000i\000\350\000r\000e\000s}{section.10}% 29
\BOOKMARK [2][-]{subsection.10.3}{\376\377\000N\000u\000m\000\351\000r\000o\000t\000a\000t\000i\000o\000n}{section.10}% 30
\BOOKMARK [2][-]{subsection.10.4}{\376\377\000O\000r\000g\000a\000n\000i\000s\000a\000t\000i\000o\000n\000\040\000l\000o\000g\000i\000q\000u\000e}{section.10}% 31
\BOOKMARK [1][-]{section.11}{\376\377\000E\000x\000e\000m\000p\000l\000e\000\040\000c\000o\000m\000p\000l\000e\000t}{}% 32
\BOOKMARK [2][-]{subsection.11.1}{\376\377\000P\000r\000\351\000s\000e\000n\000t\000a\000t\000i\000o\000n\000\040\000d\000u\000\040\000m\000i\000n\000i\000-\000p\000r\000o\000j\000e\000t}{section.11}% 33
\BOOKMARK [3][-]{subsubsection.11.1.1}{\376\377\000I\000n\000t\000r\000o\000d\000u\000c\000t\000i\000o\000n\000\040\000a\000u\000\040\000P\000y\000t\000h\000o\000n}{subsection.11.1}% 34
\BOOKMARK [3][-]{subsubsection.11.1.2}{\376\377\000E\000x\000e\000m\000p\000l\000e\000\040\000d\000e\000\040\000c\000o\000d\000e}{subsection.11.1}% 35
\BOOKMARK [3][-]{subsubsection.11.1.3}{\376\377\000T\000a\000b\000l\000e\000a\000u\000\040\000c\000o\000m\000p\000a\000r\000a\000t\000i\000f}{subsection.11.1}% 36
\BOOKMARK [3][-]{subsubsection.11.1.4}{\376\377\000P\000o\000u\000r\000\040\000a\000l\000l\000e\000r\000\040\000p\000l\000u\000s\000\040\000l\000o\000i\000n}{subsection.11.1}% 37
