\BOOKMARK [1][-]{section.1}{\376\377\000P\000r\000o\000g\000r\000a\000m\000m\000a\000t\000i\000o\000n\000\040\000O\000r\000i\000e\000n\000t\000\351\000e\000\040\000O\000b\000j\000e\000t\000\040\000e\000n\000\040\000P\000y\000t\000h\000o\000n}{}% 1
\BOOKMARK [2][-]{subsection.1.1}{\376\377\000I\000n\000t\000r\000o\000d\000u\000c\000t\000i\000o\000n\000\040\000\340\000\040\000l\000a\000\040\000P\000r\000o\000g\000r\000a\000m\000m\000a\000t\000i\000o\000n\000\040\000O\000r\000i\000e\000n\000t\000\351\000e\000\040\000O\000b\000j\000e\000t\000\040\000\050\000P\000O\000O\000\051}{section.1}% 2
\BOOKMARK [2][-]{subsection.1.2}{\376\377\000D\000i\000f\000f\000\351\000r\000e\000n\000c\000e\000\040\000e\000n\000t\000r\000e\000\040\000P\000r\000o\000g\000r\000a\000m\000m\000a\000t\000i\000o\000n\000\040\000P\000r\000o\000c\000\351\000d\000u\000r\000a\000l\000e\000\040\000e\000t\000\040\000O\000r\000i\000e\000n\000t\000\351\000e\000\040\000O\000b\000j\000e\000t}{section.1}% 3
\BOOKMARK [2][-]{subsection.1.3}{\376\377\000D\000\351\000f\000i\000n\000i\000t\000i\000o\000n\000\040\000d\000'\000u\000n\000e\000\040\000c\000l\000a\000s\000s\000e\000\040\000e\000n\000\040\000P\000y\000t\000h\000o\000n}{section.1}% 4
\BOOKMARK [2][-]{subsection.1.4}{\376\377\000C\000r\000\351\000a\000t\000i\000o\000n\000\040\000d\000'\000o\000b\000j\000e\000t\000s}{section.1}% 5
\BOOKMARK [2][-]{subsection.1.5}{\376\377\000A\000t\000t\000r\000i\000b\000u\000t\000s\000\040\000e\000t\000\040\000M\000\351\000t\000h\000o\000d\000e\000s}{section.1}% 6
\BOOKMARK [2][-]{subsection.1.6}{\376\377\000L\000e\000\040\000c\000o\000n\000s\000t\000r\000u\000c\000t\000e\000u\000r\000\040\000\137\000\137\000i\000n\000i\000t\000\137\000\137}{section.1}% 7
\BOOKMARK [2][-]{subsection.1.7}{\376\377\000E\000n\000c\000a\000p\000s\000u\000l\000a\000t\000i\000o\000n}{section.1}% 8
\BOOKMARK [2][-]{subsection.1.8}{\376\377\000M\000\351\000t\000h\000o\000d\000e\000s\000\040\000g\000e\000t\000\040\000e\000t\000\040\000s\000e\000t}{section.1}% 9
\BOOKMARK [2][-]{subsection.1.9}{\376\377\000H\000\351\000r\000i\000t\000a\000g\000e}{section.1}% 10
\BOOKMARK [2][-]{subsection.1.10}{\376\377\000P\000o\000l\000y\000m\000o\000r\000p\000h\000i\000s\000m\000e}{section.1}% 11
\BOOKMARK [2][-]{subsection.1.11}{\376\377\000E\000x\000e\000m\000p\000l\000e\000\040\000c\000o\000m\000p\000l\000e\000t\000\040\000d\000e\000\040\000p\000r\000o\000g\000r\000a\000m\000m\000e\000\040\000P\000y\000t\000h\000o\000n}{section.1}% 12
\BOOKMARK [2][-]{subsection.1.12}{\376\377\000E\000x\000e\000r\000c\000i\000c\000e\000s\000\040\000C\000o\000r\000r\000i\000g\000\351\000s}{section.1}% 13
\BOOKMARK [3][-]{subsubsection.1.12.1}{\376\377\000E\000x\000e\000r\000c\000i\000c\000e\000\040\0001\000\040\000:\000\040\000L\000i\000v\000r\000e}{subsection.1.12}% 14
\BOOKMARK [3][-]{subsubsection.1.12.2}{\376\377\000E\000x\000e\000r\000c\000i\000c\000e\000\040\0002\000\040\000:\000\040\000C\000o\000m\000p\000t\000e\000u\000r}{subsection.1.12}% 15
\BOOKMARK [1][-]{section.2}{\376\377\000C\000o\000n\000t\000e\000n\000e\000u\000r\000i\000s\000a\000t\000i\000o\000n\000\040\000a\000v\000e\000c\000\040\000D\000o\000c\000k\000e\000r}{}% 16
\BOOKMARK [2][-]{subsection.2.1}{\376\377\000I\000n\000t\000r\000o\000d\000u\000c\000t\000i\000o\000n\000\040\000\340\000\040\000l\000a\000\040\000c\000o\000n\000t\000e\000n\000e\000u\000r\000i\000s\000a\000t\000i\000o\000n}{section.2}% 17
\BOOKMARK [2][-]{subsection.2.2}{\376\377\000D\000i\000f\000f\000\351\000r\000e\000n\000c\000e\000\040\000e\000n\000t\000r\000e\000\040\000M\000a\000c\000h\000i\000n\000e\000s\000\040\000V\000i\000r\000t\000u\000e\000l\000l\000e\000s\000\040\000e\000t\000\040\000C\000o\000n\000t\000e\000n\000e\000u\000r\000s}{section.2}% 18
\BOOKMARK [2][-]{subsection.2.3}{\376\377\000P\000r\000\351\000s\000e\000n\000t\000a\000t\000i\000o\000n\000\040\000d\000e\000\040\000D\000o\000c\000k\000e\000r}{section.2}% 19
\BOOKMARK [2][-]{subsection.2.4}{\376\377\000I\000n\000s\000t\000a\000l\000l\000a\000t\000i\000o\000n\000\040\000d\000e\000\040\000D\000o\000c\000k\000e\000r}{section.2}% 20
\BOOKMARK [2][-]{subsection.2.5}{\376\377\000A\000r\000c\000h\000i\000t\000e\000c\000t\000u\000r\000e\000\040\000d\000e\000\040\000D\000o\000c\000k\000e\000r}{section.2}% 21
\BOOKMARK [2][-]{subsection.2.6}{\376\377\000E\000x\000p\000l\000i\000c\000a\000t\000i\000o\000n\000\040\000d\000\351\000t\000a\000i\000l\000l\000\351\000e\000\040\000d\000e\000s\000\040\000c\000o\000m\000m\000a\000n\000d\000e\000s\000\040\000D\000o\000c\000k\000e\000r}{section.2}% 22
\BOOKMARK [3][-]{subsubsection.2.6.1}{\376\377\000d\000o\000c\000k\000e\000r\000\040\000p\000u\000l\000l}{subsection.2.6}% 23
\BOOKMARK [3][-]{subsubsection.2.6.2}{\376\377\000d\000o\000c\000k\000e\000r\000\040\000i\000m\000a\000g\000e\000s}{subsection.2.6}% 24
\BOOKMARK [3][-]{subsubsection.2.6.3}{\376\377\000d\000o\000c\000k\000e\000r\000\040\000r\000u\000n}{subsection.2.6}% 25
\BOOKMARK [3][-]{subsubsection.2.6.4}{\376\377\000d\000o\000c\000k\000e\000r\000\040\000p\000s}{subsection.2.6}% 26
\BOOKMARK [3][-]{subsubsection.2.6.5}{\376\377\000d\000o\000c\000k\000e\000r\000\040\000s\000t\000o\000p}{subsection.2.6}% 27
\BOOKMARK [3][-]{subsubsection.2.6.6}{\376\377\000d\000o\000c\000k\000e\000r\000\040\000s\000t\000a\000r\000t}{subsection.2.6}% 28
\BOOKMARK [3][-]{subsubsection.2.6.7}{\376\377\000d\000o\000c\000k\000e\000r\000\040\000r\000m}{subsection.2.6}% 29
\BOOKMARK [3][-]{subsubsection.2.6.8}{\376\377\000d\000o\000c\000k\000e\000r\000\040\000e\000x\000e\000c}{subsection.2.6}% 30
\BOOKMARK [3][-]{subsubsection.2.6.9}{\376\377\000d\000o\000c\000k\000e\000r\000\040\000b\000u\000i\000l\000d}{subsection.2.6}% 31
\BOOKMARK [2][-]{subsection.2.7}{\376\377\000C\000r\000\351\000a\000t\000i\000o\000n\000\040\000d\000'\000u\000n\000\040\000c\000o\000n\000t\000e\000n\000e\000u\000r\000\040\000D\000o\000c\000k\000e\000r\000\040\000\351\000t\000a\000p\000e\000\040\000p\000a\000r\000\040\000\351\000t\000a\000p\000e}{section.2}% 32
\BOOKMARK [2][-]{subsection.2.8}{\376\377\000C\000r\000\351\000a\000t\000i\000o\000n\000\040\000d\000'\000u\000n\000\040\000D\000o\000c\000k\000e\000r\000f\000i\000l\000e}{section.2}% 33
\BOOKMARK [3][-]{subsubsection.2.8.1}{\376\377\000I\000n\000s\000t\000r\000u\000c\000t\000i\000o\000n\000s\000\040\000d\000\351\000t\000a\000i\000l\000l\000\351\000e\000s}{subsection.2.8}% 34
\BOOKMARK [3][-]{subsubsection.2.8.2}{\376\377\000E\000x\000e\000m\000p\000l\000e\000\040\000c\000o\000m\000p\000l\000e\000t\000\040\000:\000\040\000D\000o\000c\000k\000e\000r\000f\000i\000l\000e\000\040\000p\000o\000u\000r\000\040\000u\000n\000e\000\040\000a\000p\000p\000l\000i\000c\000a\000t\000i\000o\000n\000\040\000P\000y\000t\000h\000o\000n}{subsection.2.8}% 35
\BOOKMARK [2][-]{subsection.2.9}{\376\377\000E\000x\000e\000r\000c\000i\000c\000e\000s\000\040\000P\000r\000a\000t\000i\000q\000u\000e\000s\000\040\000a\000v\000e\000c\000\040\000C\000o\000r\000r\000e\000c\000t\000i\000o\000n}{section.2}% 36
\BOOKMARK [3][-]{subsubsection.2.9.1}{\376\377\000E\000x\000e\000r\000c\000i\000c\000e\000\040\0001\000\040\000:\000\040\000C\000o\000n\000t\000e\000n\000e\000u\000r\000i\000s\000e\000r\000\040\000u\000n\000\040\000s\000c\000r\000i\000p\000t\000\040\000s\000i\000m\000p\000l\000e}{subsection.2.9}% 37
\BOOKMARK [3][-]{subsubsection.2.9.2}{\376\377\000E\000x\000e\000r\000c\000i\000c\000e\000\040\0002\000\040\000:\000\040\000G\000e\000s\000t\000i\000o\000n\000\040\000d\000e\000\040\000c\000o\000n\000t\000e\000n\000e\000u\000r\000s}{subsection.2.9}% 38
